<?xml version="1.0" encoding="UTF-8"?>
<testsuite xmlns:xsi="http://www.w3.org/2001/XMLSchema-instance" xsi:noNamespaceSchemaLocation="https://maven.apache.org/surefire/maven-surefire-plugin/xsd/surefire-test-report.xsd" version="3.0.2" name="br.edu.ifpr.boletim.ParticipacaoTest" time="0.004" tests="4" errors="0" skipped="0" failures="0" flakes="0">
  <properties>
[...]
</properties>
  <testcase name="deveRetornarZeroQuandoNaoFezNada" classname="br.edu.ifpr.boletim.ParticipacaoTest" time="0.001"/>
  <testcase name="deveSomarTresPontosQuandoEntregouEParticipou" classname="br.edu.ifpr.boletim.ParticipacaoTest" time="0.0"/>
  <testcase name="deveSomarUmPontoQuandoApenasParticipou" classname="br.edu.ifpr.boletim.ParticipacaoTest" time="0.0"/>
  <testcase name="deveSomarDoisPontosQuandoApenasEntregou" classname="br.edu.ifpr.boletim.ParticipacaoTest" time="0.001"/>
</testsuite>